<?xml version="1.0" encoding="UTF-8"?>
<testng-results skipped="0" failed="0" ignored="0" total="2" passed="2">
  <reporter-output>
  </reporter-output>
  <suite name="Suite" duration-ms="73496" started-at="2020-03-23T10:51:42Z" finished-at="2020-03-23T10:52:55Z">
    <groups>
    </groups>
    <test name="bankTest" duration-ms="25217" started-at="2020-03-23T10:51:42Z" finished-at="2020-03-23T10:52:07Z">
      <class name="cimb.qa.testcases.CimbBankTestCases">
        <test-method status="PASS" signature="openBrowser(java.lang.String)[pri:0, instance:cimb.qa.testcases.CimbBankTestCases@3835c46]" name="openBrowser" is-config="true" duration-ms="16147" started-at="2020-03-23T10:51:42Z" finished-at="2020-03-23T10:51:58Z">
          <params>
            <param index="0">
              <value>
                <![CDATA[https://www.cimbbank.com.sg/en/personal/index.html]]>
              </value>
            </param>
          </params>
          <reporter-output>
          </reporter-output>
        </test-method> <!-- openBrowser -->
        <test-method status="PASS" signature="cimbBankToolsTestCases()[pri:0, instance:cimb.qa.testcases.CimbBankTestCases@3835c46]" name="cimbBankToolsTestCases" duration-ms="8265" started-at="2020-03-23T10:51:58Z" finished-at="2020-03-23T10:52:06Z">
          <reporter-output>
          </reporter-output>
        </test-method> <!-- cimbBankToolsTestCases -->
        <test-method status="PASS" signature="closeBrowser()[pri:0, instance:cimb.qa.testcases.CimbBankTestCases@3835c46]" name="closeBrowser" is-config="true" duration-ms="638" started-at="2020-03-23T10:52:06Z" finished-at="2020-03-23T10:52:07Z">
          <reporter-output>
          </reporter-output>
        </test-method> <!-- closeBrowser -->
      </class> <!-- cimb.qa.testcases.CimbBankTestCases -->
    </test> <!-- bankTest -->
    <test name="dealsTest" duration-ms="48245" started-at="2020-03-23T10:52:07Z" finished-at="2020-03-23T10:52:55Z">
      <class name="cimb.qa.testcases.CimbDealsTestCases">
        <test-method status="PASS" signature="openBrowser(java.lang.String)[pri:0, instance:cimb.qa.testcases.CimbDealsTestCases@32eff876]" name="openBrowser" is-config="true" duration-ms="18356" started-at="2020-03-23T10:52:07Z" finished-at="2020-03-23T10:52:25Z">
          <params>
            <param index="0">
              <value>
                <![CDATA[https://www.cimb.com.my/en/personal/home.html]]>
              </value>
            </param>
          </params>
          <reporter-output>
          </reporter-output>
        </test-method> <!-- openBrowser -->
        <test-method status="PASS" signature="cimbDealDeatilsTestCase()[pri:0, instance:cimb.qa.testcases.CimbDealsTestCases@32eff876]" name="cimbDealDeatilsTestCase" duration-ms="29007" started-at="2020-03-23T10:52:25Z" finished-at="2020-03-23T10:52:54Z">
          <reporter-output>
          </reporter-output>
        </test-method> <!-- cimbDealDeatilsTestCase -->
        <test-method status="PASS" signature="closeBrowser()[pri:0, instance:cimb.qa.testcases.CimbDealsTestCases@32eff876]" name="closeBrowser" is-config="true" duration-ms="875" started-at="2020-03-23T10:52:54Z" finished-at="2020-03-23T10:52:55Z">
          <reporter-output>
          </reporter-output>
        </test-method> <!-- closeBrowser -->
      </class> <!-- cimb.qa.testcases.CimbDealsTestCases -->
    </test> <!-- dealsTest -->
  </suite> <!-- Suite -->
</testng-results>
