<?xml version="1.0" encoding="UTF-8"?>
<testsuite xmlns:xsi="http://www.w3.org/2001/XMLSchema-instance" xsi:noNamespaceSchemaLocation="https://maven.apache.org/surefire/maven-surefire-plugin/xsd/surefire-test-report.xsd" name="TestSuite" time="75.037" tests="2" errors="0" skipped="0" failures="0">
  <properties>
[...]
</properties>
  <testcase name="cimbBankToolsTestCases" classname="cimb.qa.testcases.CimbBankTestCases" time="8.265"/>
  <testcase name="cimbDealDeatilsTestCase" classname="cimb.qa.testcases.CimbDealsTestCases" time="29.038"/>
</testsuite>